<?xml version="1.0" encoding="UTF-8"?>
<testng-results ignored="0" total="1" passed="1" failed="0" skipped="0">
  <reporter-output>
  </reporter-output>
  <suite started-at="2026-09-24T21:54:29 IST" name="Default suite" finished-at="2026-09-24T21:54:40 IST" duration-ms="11241">
    <groups>
    </groups>
    <test started-at="2026-09-24T21:54:29 IST" name="Default test" finished-at="2026-09-24T21:54:40 IST" duration-ms="11241">
      <class name="Seleniumtest.Seleniumtest.lanuchBrowser">
        <test-method signature="browser()[pri:0, instance:Seleniumtest.Seleniumtest.lanuchBrowser@50a638b5]" started-at="2026-09-24T21:54:29 IST" name="browser" finished-at="2026-09-24T21:54:40 IST" duration-ms="11216" status="PASS">
          <reporter-output>
          </reporter-output>
        </test-method> <!-- browser -->
      </class> <!-- Seleniumtest.Seleniumtest.lanuchBrowser -->
    </test> <!-- Default test -->
  </suite> <!-- Default suite -->
</testng-results>
